1683914221259	geckodriver	INFO	Listening on 127.0.0.1:48493
1683919477709	geckodriver	INFO	Listening on 127.0.0.1:50321
1683926678478	geckodriver	INFO	Listening on 127.0.0.1:44243
1683926678979	mozrunner::runner	INFO	Running command: "/usr/bin/firefox" "--marionette" "--remote-debugging-port" "58561" "--remote-allow-hosts" "localhost" "-no-remote" "-profile" "/tmp/rust_mozprofileiC46Lh"
console.warn: services.settings: Ignoring preference override of remote settings server
console.warn: services.settings: Allow by setting MOZ_REMOTE_SETTINGS_DEVTOOLS=1 in the environment
[GFX1-]: glxtest: libEGL missing
1683926680386	Marionette	INFO	Marionette enabled
1683926680392	Marionette	INFO	Listening on port 43661
Read port: 43661
WebDriver BiDi listening on ws://127.0.0.1:58561
1683926680653	RemoteAgent	WARN	TLS certificate errors will be ignored for this session
console.error: ({})
[ERROR glean_core] Error setting metrics feature config: Json(Error("EOF while parsing a value", line: 1, column: 0))
DevTools listening on ws://127.0.0.1:58561/devtools/browser/b673d4a0-b7e6-4c16-96a1-261780049c2b
console.warn: LoginRecipes: "Falling back to a synchronous message for: https://www.google.com.br."
console.error: "update.locale" " file doesn't exist in either the application or GRE directories"
[Child 32133, Main Thread] WARNING: JSWindowActorChild::SendRawMessage (Conduits, ConduitClosed) not sent: !CanSend() || !mManager || !mManager->CanSend(): file /build/firefox-GHoiKz/firefox-113.0.1+build1/dom/ipc/jsactor/JSWindowActorChild.cpp:57
[Child 32133, Main Thread] WARNING: JSWindowActorChild::SendRawMessage (Conduits, ConduitClosed) not sent: !CanSend() || !mManager || !mManager->CanSend(): file /build/firefox-GHoiKz/firefox-113.0.1+build1/dom/ipc/jsactor/JSWindowActorChild.cpp:57
[Child 32133, Main Thread] WARNING: JSWindowActorChild::SendRawMessage (Conduits, ConduitClosed) not sent: !CanSend() || !mManager || !mManager->CanSend(): file /build/firefox-GHoiKz/firefox-113.0.1+build1/dom/ipc/jsactor/JSWindowActorChild.cpp:57
[Child 32133, Main Thread] WARNING: JSWindowActorChild::SendRawMessage (Conduits, ConduitClosed) not sent: !CanSend() || !mManager || !mManager->CanSend(): file /build/firefox-GHoiKz/firefox-113.0.1+build1/dom/ipc/jsactor/JSWindowActorChild.cpp:57
[Child 32133, Main Thread] WARNING: JSWindowActorChild::SendRawMessage (Conduits, ConduitClosed) not sent: !CanSend() || !mManager || !mManager->CanSend(): file /build/firefox-GHoiKz/firefox-113.0.1+build1/dom/ipc/jsactor/JSWindowActorChild.cpp:57
[Child 32133, Main Thread] WARNING: JSWindowActorChild::SendRawMessage (Conduits, ConduitClosed) not sent: !CanSend() || !mManager || !mManager->CanSend(): file /build/firefox-GHoiKz/firefox-113.0.1+build1/dom/ipc/jsactor/JSWindowActorChild.cpp:57
[Child 32133, Main Thread] WARNING: JSWindowActorChild::SendRawMessage (Conduits, ConduitClosed) not sent: !CanSend() || !mManager || !mManager->CanSend(): file /build/firefox-GHoiKz/firefox-113.0.1+build1/dom/ipc/jsactor/JSWindowActorChild.cpp:57
[Child 32133, Main Thread] WARNING: JSWindowActorChild::SendRawMessage (Conduits, ConduitClosed) not sent: !CanSend() || !mManager || !mManager->CanSend(): file /build/firefox-GHoiKz/firefox-113.0.1+build1/dom/ipc/jsactor/JSWindowActorChild.cpp:57
1683926739355	Marionette	INFO	Stopped listening on port 43661
console.warn: TopSitesFeed: Failed to fetch data from Contile server: NetworkError when attempting to fetch resource.
console.error: services.settings: 
  Message: NetworkError: Network error: TypeError: NetworkError: Network request failed
  Stack:
    APIError@resource://services-settings/RemoteSettingsClient.sys.mjs:111:1
NetworkError@resource://services-settings/RemoteSettingsClient.sys.mjs:115:5
_adjustedError@resource://services-settings/RemoteSettingsClient.sys.mjs:911:14
maybeSync@resource://services-settings/RemoteSettingsClient.sys.mjs:816:38

console.warn: services.settings: blocklists/addons-bloomfilters sync interrupted by shutdown
console.error: (new AbortError("IndexedDB: main/ms-images getLastModified() IndexedDB:  execute() A request was aborted, for example through a call to IDBTransaction.abort.", "resource://services-settings/IDBHelpers.jsm", 18))
